  [1m[35m (0.3ms)[0m  [1m[34mSELECT pg_try_advisory_lock(7495132482561377955);[0m
  [1m[36mActiveRecord::SchemaMigration Load (0.8ms)[0m  [1m[34mSELECT "schema_migrations".* FROM "schema_migrations"[0m
  [1m[36mActiveRecord::InternalMetadata Load (0.7ms)[0m  [1m[34mSELECT  "ar_internal_metadata".* FROM "ar_internal_metadata" WHERE "ar_internal_metadata"."key" = $1 LIMIT $2[0m  [["key", :environment], ["LIMIT", 1]]
  [1m[35m (0.2ms)[0m  [1m[35mBEGIN[0m
  [1m[35m (0.2ms)[0m  [1m[35mCOMMIT[0m
  [1m[35m (0.3ms)[0m  [1m[34mSELECT pg_advisory_unlock(7495132482561377955)[0m
  [1m[36mActiveRecord::SchemaMigration Load (0.3ms)[0m  [1m[34mSELECT "schema_migrations".* FROM "schema_migrations"[0m
Started GET "/" for 127.0.0.1 at 2017-02-13 17:31:17 +0800
  [1m[36mActiveRecord::SchemaMigration Load (0.8ms)[0m  [1m[34mSELECT "schema_migrations".* FROM "schema_migrations"[0m
Processing by LocationsController#index as HTML
  Rendering locations/index.html.erb within layouts/application
  Rendered locations/index.html.erb within layouts/application (2.3ms)
Completed 500 Internal Server Error in 590ms (ActiveRecord: 0.0ms)


  
ActionView::Template::Error (Invalid CSS after "}": expected "}", was ""):
     8:     <meta name="viewport" content="width=device-width, initial-scale=1">
     9:     <%= csrf_meta_tags %>
    10: 
    11:     <%= stylesheet_link_tag    'application', media: 'all', 'data-turbolinks-track': 'reload' %>
    12:     <%= javascript_include_tag 'application', 'data-turbolinks-track': 'reload' %>
    13:   </head>
    14: 
  
app/assets/stylesheets/application.scss:34
app/views/layouts/application.html.erb:11:in `_app_views_layouts_application_html_erb__2112274717991917393_70097891074200'
  Rendering /Users/melvinmok/.rbenv/versions/2.2.2/lib/ruby/gems/2.2.0/gems/actionpack-5.0.1/lib/action_dispatch/middleware/templates/rescues/template_error.html.erb within rescues/layout
  Rendering /Users/melvinmok/.rbenv/versions/2.2.2/lib/ruby/gems/2.2.0/gems/actionpack-5.0.1/lib/action_dispatch/middleware/templates/rescues/_source.html.erb
  Rendered /Users/melvinmok/.rbenv/versions/2.2.2/lib/ruby/gems/2.2.0/gems/actionpack-5.0.1/lib/action_dispatch/middleware/templates/rescues/_source.html.erb (28.9ms)
  Rendering /Users/melvinmok/.rbenv/versions/2.2.2/lib/ruby/gems/2.2.0/gems/actionpack-5.0.1/lib/action_dispatch/middleware/templates/rescues/_trace.html.erb
  Rendered /Users/melvinmok/.rbenv/versions/2.2.2/lib/ruby/gems/2.2.0/gems/actionpack-5.0.1/lib/action_dispatch/middleware/templates/rescues/_trace.html.erb (68.6ms)
  Rendering /Users/melvinmok/.rbenv/versions/2.2.2/lib/ruby/gems/2.2.0/gems/actionpack-5.0.1/lib/action_dispatch/middleware/templates/rescues/_request_and_response.html.erb
  Rendered /Users/melvinmok/.rbenv/versions/2.2.2/lib/ruby/gems/2.2.0/gems/actionpack-5.0.1/lib/action_dispatch/middleware/templates/rescues/_request_and_response.html.erb (1.4ms)
  Rendered /Users/melvinmok/.rbenv/versions/2.2.2/lib/ruby/gems/2.2.0/gems/actionpack-5.0.1/lib/action_dispatch/middleware/templates/rescues/template_error.html.erb within rescues/layout (311.8ms)
Started GET "/" for 127.0.0.1 at 2017-02-13 17:32:19 +0800
Processing by LocationsController#index as HTML
  Rendering locations/index.html.erb within layouts/application
  Rendered locations/index.html.erb within layouts/application (1.4ms)
  Rendered partials/_navbar.html.erb (1.8ms)
  Rendered partials/_flash.html.erb (1.5ms)
Completed 200 OK in 3423ms (Views: 3419.6ms | ActiveRecord: 0.0ms)


Started GET "/" for 127.0.0.1 at 2017-02-13 18:02:02 +0800
Processing by LocationsController#index as HTML
  Rendering locations/index.html.erb within layouts/application
  Rendered locations/index.html.erb within layouts/application (1.0ms)
  Rendered partials/_navbar.html.erb (1.8ms)
  Rendered partials/_flash.html.erb (0.9ms)
Completed 200 OK in 119ms (Views: 114.6ms | ActiveRecord: 0.0ms)


Started GET "/location" for 127.0.0.1 at 2017-02-13 18:02:05 +0800
  
ActionController::RoutingError (No route matches [GET] "/location"):
  
actionpack (5.0.1) lib/action_dispatch/middleware/debug_exceptions.rb:53:in `call'
web-console (3.4.0) lib/web_console/middleware.rb:135:in `call_app'
web-console (3.4.0) lib/web_console/middleware.rb:28:in `block in call'
web-console (3.4.0) lib/web_console/middleware.rb:18:in `catch'
web-console (3.4.0) lib/web_console/middleware.rb:18:in `call'
actionpack (5.0.1) lib/action_dispatch/middleware/show_exceptions.rb:31:in `call'
railties (5.0.1) lib/rails/rack/logger.rb:36:in `call_app'
railties (5.0.1) lib/rails/rack/logger.rb:24:in `block in call'
activesupport (5.0.1) lib/active_support/tagged_logging.rb:69:in `block in tagged'
activesupport (5.0.1) lib/active_support/tagged_logging.rb:26:in `tagged'
activesupport (5.0.1) lib/active_support/tagged_logging.rb:69:in `tagged'
railties (5.0.1) lib/rails/rack/logger.rb:24:in `call'
sprockets-rails (3.2.0) lib/sprockets/rails/quiet_assets.rb:13:in `call'
actionpack (5.0.1) lib/action_dispatch/middleware/request_id.rb:24:in `call'
rack (2.0.1) lib/rack/method_override.rb:22:in `call'
rack (2.0.1) lib/rack/runtime.rb:22:in `call'
activesupport (5.0.1) lib/active_support/cache/strategy/local_cache_middleware.rb:28:in `call'
actionpack (5.0.1) lib/action_dispatch/middleware/executor.rb:12:in `call'
actionpack (5.0.1) lib/action_dispatch/middleware/static.rb:136:in `call'
rack (2.0.1) lib/rack/sendfile.rb:111:in `call'
railties (5.0.1) lib/rails/engine.rb:522:in `call'
puma (3.7.0) lib/puma/configuration.rb:226:in `call'
puma (3.7.0) lib/puma/server.rb:578:in `handle_request'
puma (3.7.0) lib/puma/server.rb:415:in `process_client'
puma (3.7.0) lib/puma/server.rb:275:in `block in run'
puma (3.7.0) lib/puma/thread_pool.rb:120:in `call'
puma (3.7.0) lib/puma/thread_pool.rb:120:in `block in spawn_thread'
  Rendering /Users/melvinmok/.rbenv/versions/2.2.2/lib/ruby/gems/2.2.0/gems/actionpack-5.0.1/lib/action_dispatch/middleware/templates/rescues/routing_error.text.erb
  Rendering /Users/melvinmok/.rbenv/versions/2.2.2/lib/ruby/gems/2.2.0/gems/actionpack-5.0.1/lib/action_dispatch/middleware/templates/rescues/_trace.text.erb
  Rendered /Users/melvinmok/.rbenv/versions/2.2.2/lib/ruby/gems/2.2.0/gems/actionpack-5.0.1/lib/action_dispatch/middleware/templates/rescues/_trace.text.erb (1.4ms)
  Rendered /Users/melvinmok/.rbenv/versions/2.2.2/lib/ruby/gems/2.2.0/gems/actionpack-5.0.1/lib/action_dispatch/middleware/templates/rescues/routing_error.text.erb (56.3ms)
Started GET "/" for 127.0.0.1 at 2017-02-13 18:03:13 +0800
Processing by LocationsController#index as HTML
  Rendering locations/index.html.erb within layouts/application
  Rendered locations/index.html.erb within layouts/application (1.2ms)
  Rendered partials/_navbar.html.erb (1.9ms)
  Rendered partials/_flash.html.erb (0.9ms)
Completed 200 OK in 175ms (Views: 170.5ms | ActiveRecord: 0.0ms)


Started GET "/location/index" for 127.0.0.1 at 2017-02-13 18:03:16 +0800
  
ActionController::RoutingError (No route matches [GET] "/location/index"):
  
actionpack (5.0.1) lib/action_dispatch/middleware/debug_exceptions.rb:53:in `call'
web-console (3.4.0) lib/web_console/middleware.rb:135:in `call_app'
web-console (3.4.0) lib/web_console/middleware.rb:28:in `block in call'
web-console (3.4.0) lib/web_console/middleware.rb:18:in `catch'
web-console (3.4.0) lib/web_console/middleware.rb:18:in `call'
actionpack (5.0.1) lib/action_dispatch/middleware/show_exceptions.rb:31:in `call'
railties (5.0.1) lib/rails/rack/logger.rb:36:in `call_app'
railties (5.0.1) lib/rails/rack/logger.rb:24:in `block in call'
activesupport (5.0.1) lib/active_support/tagged_logging.rb:69:in `block in tagged'
activesupport (5.0.1) lib/active_support/tagged_logging.rb:26:in `tagged'
activesupport (5.0.1) lib/active_support/tagged_logging.rb:69:in `tagged'
railties (5.0.1) lib/rails/rack/logger.rb:24:in `call'
sprockets-rails (3.2.0) lib/sprockets/rails/quiet_assets.rb:13:in `call'
actionpack (5.0.1) lib/action_dispatch/middleware/request_id.rb:24:in `call'
rack (2.0.1) lib/rack/method_override.rb:22:in `call'
rack (2.0.1) lib/rack/runtime.rb:22:in `call'
activesupport (5.0.1) lib/active_support/cache/strategy/local_cache_middleware.rb:28:in `call'
actionpack (5.0.1) lib/action_dispatch/middleware/executor.rb:12:in `call'
actionpack (5.0.1) lib/action_dispatch/middleware/static.rb:136:in `call'
rack (2.0.1) lib/rack/sendfile.rb:111:in `call'
railties (5.0.1) lib/rails/engine.rb:522:in `call'
puma (3.7.0) lib/puma/configuration.rb:226:in `call'
puma (3.7.0) lib/puma/server.rb:578:in `handle_request'
puma (3.7.0) lib/puma/server.rb:415:in `process_client'
puma (3.7.0) lib/puma/server.rb:275:in `block in run'
puma (3.7.0) lib/puma/thread_pool.rb:120:in `call'
puma (3.7.0) lib/puma/thread_pool.rb:120:in `block in spawn_thread'
  Rendering /Users/melvinmok/.rbenv/versions/2.2.2/lib/ruby/gems/2.2.0/gems/actionpack-5.0.1/lib/action_dispatch/middleware/templates/rescues/routing_error.text.erb
  Rendering /Users/melvinmok/.rbenv/versions/2.2.2/lib/ruby/gems/2.2.0/gems/actionpack-5.0.1/lib/action_dispatch/middleware/templates/rescues/_trace.text.erb
  Rendered /Users/melvinmok/.rbenv/versions/2.2.2/lib/ruby/gems/2.2.0/gems/actionpack-5.0.1/lib/action_dispatch/middleware/templates/rescues/_trace.text.erb (0.8ms)
  Rendered /Users/melvinmok/.rbenv/versions/2.2.2/lib/ruby/gems/2.2.0/gems/actionpack-5.0.1/lib/action_dispatch/middleware/templates/rescues/routing_error.text.erb (107.3ms)
Started GET "/" for 127.0.0.1 at 2017-02-13 18:24:49 +0800
  [1m[36mActiveRecord::SchemaMigration Load (0.8ms)[0m  [1m[34mSELECT "schema_migrations".* FROM "schema_migrations"[0m
Processing by LocationsController#index as HTML
  Rendering locations/index.html.erb within layouts/application
  Rendered locations/index.html.erb within layouts/application (2.4ms)
  Rendered partials/_navbar.html.erb (2.7ms)
  Rendered partials/_flash.html.erb (0.8ms)
Completed 200 OK in 818ms (Views: 796.3ms | ActiveRecord: 0.0ms)


Started GET "/location/index" for 127.0.0.1 at 2017-02-13 18:24:53 +0800
  
ActionController::RoutingError (No route matches [GET] "/location/index"):
  
actionpack (5.0.1) lib/action_dispatch/middleware/debug_exceptions.rb:53:in `call'
web-console (3.4.0) lib/web_console/middleware.rb:135:in `call_app'
web-console (3.4.0) lib/web_console/middleware.rb:28:in `block in call'
web-console (3.4.0) lib/web_console/middleware.rb:18:in `catch'
web-console (3.4.0) lib/web_console/middleware.rb:18:in `call'
actionpack (5.0.1) lib/action_dispatch/middleware/show_exceptions.rb:31:in `call'
railties (5.0.1) lib/rails/rack/logger.rb:36:in `call_app'
railties (5.0.1) lib/rails/rack/logger.rb:24:in `block in call'
activesupport (5.0.1) lib/active_support/tagged_logging.rb:69:in `block in tagged'
activesupport (5.0.1) lib/active_support/tagged_logging.rb:26:in `tagged'
activesupport (5.0.1) lib/active_support/tagged_logging.rb:69:in `tagged'
railties (5.0.1) lib/rails/rack/logger.rb:24:in `call'
sprockets-rails (3.2.0) lib/sprockets/rails/quiet_assets.rb:13:in `call'
actionpack (5.0.1) lib/action_dispatch/middleware/request_id.rb:24:in `call'
rack (2.0.1) lib/rack/method_override.rb:22:in `call'
rack (2.0.1) lib/rack/runtime.rb:22:in `call'
activesupport (5.0.1) lib/active_support/cache/strategy/local_cache_middleware.rb:28:in `call'
actionpack (5.0.1) lib/action_dispatch/middleware/executor.rb:12:in `call'
actionpack (5.0.1) lib/action_dispatch/middleware/static.rb:136:in `call'
rack (2.0.1) lib/rack/sendfile.rb:111:in `call'
railties (5.0.1) lib/rails/engine.rb:522:in `call'
puma (3.7.0) lib/puma/configuration.rb:226:in `call'
puma (3.7.0) lib/puma/server.rb:578:in `handle_request'
puma (3.7.0) lib/puma/server.rb:415:in `process_client'
puma (3.7.0) lib/puma/server.rb:275:in `block in run'
puma (3.7.0) lib/puma/thread_pool.rb:120:in `call'
puma (3.7.0) lib/puma/thread_pool.rb:120:in `block in spawn_thread'
  Rendering /Users/melvinmok/.rbenv/versions/2.2.2/lib/ruby/gems/2.2.0/gems/actionpack-5.0.1/lib/action_dispatch/middleware/templates/rescues/routing_error.text.erb
  Rendering /Users/melvinmok/.rbenv/versions/2.2.2/lib/ruby/gems/2.2.0/gems/actionpack-5.0.1/lib/action_dispatch/middleware/templates/rescues/_trace.text.erb
  Rendered /Users/melvinmok/.rbenv/versions/2.2.2/lib/ruby/gems/2.2.0/gems/actionpack-5.0.1/lib/action_dispatch/middleware/templates/rescues/_trace.text.erb (2.8ms)
  Rendered /Users/melvinmok/.rbenv/versions/2.2.2/lib/ruby/gems/2.2.0/gems/actionpack-5.0.1/lib/action_dispatch/middleware/templates/rescues/routing_error.text.erb (145.2ms)
Started GET "/" for 127.0.0.1 at 2017-02-13 18:25:34 +0800
Processing by LocationsController#index as HTML
  Rendering locations/index.html.erb within layouts/application
  Rendered locations/index.html.erb within layouts/application (0.9ms)
  Rendered partials/_navbar.html.erb (1.5ms)
  Rendered partials/_flash.html.erb (0.7ms)
Completed 200 OK in 135ms (Views: 131.0ms | ActiveRecord: 0.0ms)


Started GET "/locations/index" for 127.0.0.1 at 2017-02-13 18:25:37 +0800
Processing by LocationsController#index as JSON
  Parameters: {"location"=>{}}
  Rendering locations/index.html.erb within layouts/application
  Rendered locations/index.html.erb within layouts/application (1.0ms)
  Rendered partials/_navbar.html.erb (3.0ms)
  Rendered partials/_flash.html.erb (0.9ms)
Completed 200 OK in 682ms (Views: 641.4ms | ActiveRecord: 5.4ms)


Started GET "/" for 127.0.0.1 at 2017-02-13 18:27:00 +0800
Processing by LocationsController#index as HTML
  Rendering locations/index.html.erb within layouts/application
  Rendered locations/index.html.erb within layouts/application (0.9ms)
  Rendered partials/_navbar.html.erb (1.5ms)
  Rendered partials/_flash.html.erb (0.7ms)
Completed 200 OK in 113ms (Views: 109.6ms | ActiveRecord: 0.0ms)


Started GET "/locations/index" for 127.0.0.1 at 2017-02-13 18:27:04 +0800
Processing by LocationsController#index as JSON
  Parameters: {"location"=>{}}
  Rendering locations/index.html.erb within layouts/application
  Rendered locations/index.html.erb within layouts/application (1.1ms)
  Rendered partials/_navbar.html.erb (1.9ms)
  Rendered partials/_flash.html.erb (1.0ms)
Completed 200 OK in 646ms (Views: 585.6ms | ActiveRecord: 0.0ms)


Started GET "/" for 127.0.0.1 at 2017-02-13 18:27:43 +0800
Processing by LocationsController#index as HTML
  Rendering locations/index.html.erb within layouts/application
  Rendered locations/index.html.erb within layouts/application (0.9ms)
  Rendered partials/_navbar.html.erb (2.5ms)
  Rendered partials/_flash.html.erb (0.8ms)
Completed 200 OK in 130ms (Views: 126.4ms | ActiveRecord: 0.0ms)


Started GET "/locations/index?lat=1.3078649&lng=103.83209099999999" for 127.0.0.1 at 2017-02-13 18:27:46 +0800
Processing by LocationsController#index as JSON
  Parameters: {"lat"=>"1.3078649", "lng"=>"103.83209099999999", "location"=>{}}
  Rendering locations/index.html.erb within layouts/application
  Rendered locations/index.html.erb within layouts/application (1.3ms)
  Rendered partials/_navbar.html.erb (2.1ms)
  Rendered partials/_flash.html.erb (0.8ms)
Completed 200 OK in 615ms (Views: 561.0ms | ActiveRecord: 0.0ms)


Started GET "/" for 127.0.0.1 at 2017-02-13 18:28:53 +0800
Processing by LocationsController#index as HTML
  Rendering locations/index.html.erb within layouts/application
  Rendered locations/index.html.erb within layouts/application (1.0ms)
  Rendered partials/_navbar.html.erb (2.7ms)
  Rendered partials/_flash.html.erb (0.7ms)
Completed 200 OK in 134ms (Views: 130.1ms | ActiveRecord: 0.0ms)


Started GET "/locations/index?lat=1.3078630999999998&lng=103.832065" for 127.0.0.1 at 2017-02-13 18:28:57 +0800
Processing by LocationsController#index as JSON
  Parameters: {"lat"=>"1.3078630999999998", "lng"=>"103.832065", "location"=>{}}
  Rendering locations/index.html.erb within layouts/application
  Rendered locations/index.html.erb within layouts/application (8.6ms)
  Rendered partials/_navbar.html.erb (1.4ms)
  Rendered partials/_flash.html.erb (0.6ms)
Completed 200 OK in 449ms (Views: 373.7ms | ActiveRecord: 0.0ms)


Started GET "/" for 127.0.0.1 at 2017-02-13 18:29:32 +0800
Processing by LocationsController#index as HTML
  Rendering locations/index.html.erb within layouts/application
  Rendered locations/index.html.erb within layouts/application (0.8ms)
  Rendered partials/_navbar.html.erb (1.7ms)
  Rendered partials/_flash.html.erb (0.7ms)
Completed 200 OK in 118ms (Views: 114.5ms | ActiveRecord: 0.0ms)


Started GET "/locations/index?lat=1.3078607&lng=103.8320577" for 127.0.0.1 at 2017-02-13 18:29:35 +0800
Processing by LocationsController#index as JSON
  Parameters: {"lat"=>"1.3078607", "lng"=>"103.8320577", "location"=>{}}
  Rendering locations/index.html.erb within layouts/application
  Rendered locations/index.html.erb within layouts/application (1.0ms)
  Rendered partials/_navbar.html.erb (1.8ms)
  Rendered partials/_flash.html.erb (0.8ms)
Completed 200 OK in 378ms (Views: 336.8ms | ActiveRecord: 0.0ms)


Started GET "/" for 127.0.0.1 at 2017-02-13 18:30:25 +0800
Processing by LocationsController#index as HTML
  Rendering locations/index.html.erb within layouts/application
  Rendered locations/index.html.erb within layouts/application (1.4ms)
  Rendered partials/_navbar.html.erb (1.8ms)
  Rendered partials/_flash.html.erb (0.8ms)
Completed 200 OK in 120ms (Views: 115.7ms | ActiveRecord: 0.0ms)


Started GET "/locations/index?lat=1.3078442&lng=103.83209199999999" for 127.0.0.1 at 2017-02-13 18:30:29 +0800
Processing by LocationsController#index as JSON
  Parameters: {"lat"=>"1.3078442", "lng"=>"103.83209199999999"}
  Rendering locations/index.html.erb within layouts/application
  Rendered locations/index.html.erb within layouts/application (28.2ms)
  Rendered partials/_navbar.html.erb (4.8ms)
  Rendered partials/_flash.html.erb (1.4ms)
Completed 200 OK in 371ms (Views: 338.2ms | ActiveRecord: 0.0ms)


Started GET "/" for 127.0.0.1 at 2017-02-13 18:49:16 +0800
  [1m[36mActiveRecord::SchemaMigration Load (1.2ms)[0m  [1m[34mSELECT "schema_migrations".* FROM "schema_migrations"[0m
Processing by LocationsController#index as HTML
Completed 200 OK in 31ms (Views: 0.6ms | ActiveRecord: 0.0ms)


Started GET "/" for 127.0.0.1 at 2017-02-13 18:50:07 +0800
Processing by LocationsController#index as HTML
  Rendering locations/index.html.erb within layouts/application
  Rendered locations/index.html.erb within layouts/application (2.4ms)
  Rendered partials/_navbar.html.erb (1.8ms)
  Rendered partials/_flash.html.erb (0.8ms)
Completed 200 OK in 979ms (Views: 972.8ms | ActiveRecord: 0.0ms)


Started GET "/locations/index?{%22lat%22:1.3078205999999999,%22lng%22:103.8320626}" for 127.0.0.1 at 2017-02-13 18:50:11 +0800
Processing by LocationsController#index as JSON
  Parameters: {"{\"lat\":1.3078205999999999,\"lng\":103.8320626}"=>nil, "location"=>{}}
  Rendering locations/index.html.erb within layouts/application
  Rendered locations/index.html.erb within layouts/application (1.0ms)
  Rendered partials/_navbar.html.erb (1.7ms)
  Rendered partials/_flash.html.erb (0.8ms)
Completed 200 OK in 856ms (Views: 816.5ms | ActiveRecord: 6.2ms)


Started GET "/" for 127.0.0.1 at 2017-02-13 18:50:59 +0800
Processing by LocationsController#index as HTML
  Rendering locations/index.html.erb within layouts/application
  Rendered locations/index.html.erb within layouts/application (1.0ms)
  Rendered partials/_navbar.html.erb (7.4ms)
  Rendered partials/_flash.html.erb (0.7ms)
Completed 200 OK in 140ms (Views: 135.6ms | ActiveRecord: 0.0ms)


Started GET "/locations/secret?{%22lat%22:1.3078515,%22lng%22:103.832056}" for 127.0.0.1 at 2017-02-13 18:51:03 +0800
Started GET "/users/sign_in" for 127.0.0.1 at 2017-02-13 18:51:13 +0800
Processing by Devise::SessionsController#new as HTML
  Rendering devise/sessions/new.html.erb within layouts/application
  Rendered devise/shared/_links.html.erb (1.7ms)
  Rendered devise/sessions/new.html.erb within layouts/application (25.7ms)
  Rendered partials/_navbar.html.erb (1.8ms)
  Rendered partials/_flash.html.erb (0.8ms)
Completed 200 OK in 316ms (Views: 137.4ms | ActiveRecord: 130.9ms)


Started GET "/users/sign_up" for 127.0.0.1 at 2017-02-13 18:51:20 +0800
Processing by Devise::RegistrationsController#new as HTML
  Rendering devise/registrations/new.html.erb within layouts/application
  Rendered devise/shared/_links.html.erb (4.3ms)
  Rendered devise/registrations/new.html.erb within layouts/application (16.8ms)
  Rendered partials/_navbar.html.erb (1.9ms)
  Rendered partials/_flash.html.erb (1.2ms)
Completed 200 OK in 340ms (Views: 338.7ms | ActiveRecord: 0.0ms)


Started POST "/users" for 127.0.0.1 at 2017-02-13 18:51:28 +0800
Processing by Devise::RegistrationsController#create as HTML
  Parameters: {"utf8"=>"✓", "authenticity_token"=>"8kHtBHGk9hhXP0ooCyDeW8V/sMY2FRgMjgScswaruUgLeH/Eq0CO/jCFAd2+nrcX1SVc+EVfM1SjRgTVNHHfLQ==", "user"=>{"email"=>"first@user.com", "password"=>"[FILTERED]", "password_confirmation"=>"[FILTERED]"}, "commit"=>"Sign up"}
  [1m[35m (0.3ms)[0m  [1m[35mBEGIN[0m
  [1m[36mUser Exists (1.8ms)[0m  [1m[34mSELECT  1 AS one FROM "users" WHERE "users"."email" = $1 LIMIT $2[0m  [["email", "first@user.com"], ["LIMIT", 1]]
  [1m[35mSQL (2.4ms)[0m  [1m[32mINSERT INTO "users" ("email", "encrypted_password", "created_at", "updated_at") VALUES ($1, $2, $3, $4) RETURNING "id"[0m  [["email", "first@user.com"], ["encrypted_password", "$2a$11$lHI9C8CeZOdAjASxIwH7IueaPnLQIVx1iX3eNwXk08kXRwP6Fl7Qe"], ["created_at", 2017-02-13 10:51:28 UTC], ["updated_at", 2017-02-13 10:51:28 UTC]]
  [1m[35m (0.8ms)[0m  [1m[35mCOMMIT[0m
Redirected to http://localhost:3000/
Completed 302 Found in 307ms (ActiveRecord: 5.3ms)


Started GET "/" for 127.0.0.1 at 2017-02-13 18:51:29 +0800
Processing by LocationsController#index as HTML
  Rendering locations/index.html.erb within layouts/application
  Rendered locations/index.html.erb within layouts/application (2.8ms)
  [1m[36mUser Load (2.2ms)[0m  [1m[34mSELECT  "users".* FROM "users" WHERE "users"."id" = $1 ORDER BY "users"."id" ASC LIMIT $2[0m  [["id", 1], ["LIMIT", 1]]
  Rendered partials/_navbar.html.erb (6.6ms)
  Rendered partials/_flash.html.erb (0.8ms)
Completed 200 OK in 189ms (Views: 182.4ms | ActiveRecord: 2.2ms)


Started GET "/locations/secret?{%22lat%22:1.3078681,%22lng%22:103.8320641}" for 127.0.0.1 at 2017-02-13 18:51:33 +0800
  [1m[36mUser Load (0.8ms)[0m  [1m[34mSELECT  "users".* FROM "users" WHERE "users"."id" = $1 ORDER BY "users"."id" ASC LIMIT $2[0m  [["id", 1], ["LIMIT", 1]]
Processing by LocationsController#secret as JSON
  Parameters: {"{\"lat\":1.3078681,\"lng\":103.8320641}"=>nil, "location"=>{}}
Completed 200 OK in 5ms (Views: 0.4ms | ActiveRecord: 6.3ms)


